<?xml version="1.0" encoding="UTF-8"?>
<testsuite name="com.masterprojekat.springserver.SpringServerApplicationTests" tests="1" skipped="0" failures="0" errors="0" timestamp="2025-01-19T13:54:05" hostname="DESKTOP-8GOTTCC" time="0.553">
  <properties/>
  <testcase name="addUserTest()" classname="com.masterprojekat.springserver.SpringServerApplicationTests" time="0.553"/>
  <system-out><![CDATA[14:54:00.908 [Test worker] INFO org.springframework.test.context.support.AnnotationConfigContextLoaderUtils -- Could not detect default configuration classes for test class [com.masterprojekat.springserver.SpringServerApplicationTests]: SpringServerApplicationTests does not declare any static, non-private, non-final, nested classes annotated with @Configuration.
14:54:01.018 [Test worker] INFO org.springframework.boot.test.context.SpringBootTestContextBootstrapper -- Found @SpringBootConfiguration com.masterprojekat.springserver.SpringServerApplication for test class com.masterprojekat.springserver.SpringServerApplicationTests

  .   ____          _            __ _ _
 /\\ / ___'_ __ _ _(_)_ __  __ _ \ \ \ \
( ( )\___ | '_ | '_| | '_ \/ _` | \ \ \ \
 \\/  ___)| |_)| | | | | || (_| |  ) ) ) )
  '  |____| .__|_| |_|_| |_\__, | / / / /
 =========|_|==============|___/=/_/_/_/

 :: Spring Boot ::                (v3.4.1)

2025-01-19T14:54:01.454+01:00  INFO 4360 --- [SpringServer] [    Test worker] c.m.s.SpringServerApplicationTests       : Starting SpringServerApplicationTests using Java 21.0.5 with PID 4360 (started by urosn in C:\Users\urosn\OneDrive\Desktop\Master\Projects\spring-server)
2025-01-19T14:54:01.454+01:00  INFO 4360 --- [SpringServer] [    Test worker] c.m.s.SpringServerApplicationTests       : No active profile set, falling back to 1 default profile: "default"
2025-01-19T14:54:02.082+01:00  INFO 4360 --- [SpringServer] [    Test worker] .s.d.r.c.RepositoryConfigurationDelegate : Bootstrapping Spring Data JPA repositories in DEFAULT mode.
2025-01-19T14:54:02.139+01:00  INFO 4360 --- [SpringServer] [    Test worker] .s.d.r.c.RepositoryConfigurationDelegate : Finished Spring Data repository scanning in 46 ms. Found 1 JPA repository interface.
2025-01-19T14:54:02.585+01:00  INFO 4360 --- [SpringServer] [    Test worker] o.hibernate.jpa.internal.util.LogHelper  : HHH000204: Processing PersistenceUnitInfo [name: default]
2025-01-19T14:54:02.679+01:00  INFO 4360 --- [SpringServer] [    Test worker] org.hibernate.Version                    : HHH000412: Hibernate ORM core version 6.6.4.Final
2025-01-19T14:54:02.710+01:00  INFO 4360 --- [SpringServer] [    Test worker] o.h.c.internal.RegionFactoryInitiator    : HHH000026: Second-level cache disabled
2025-01-19T14:54:03.040+01:00  INFO 4360 --- [SpringServer] [    Test worker] o.s.o.j.p.SpringPersistenceUnitInfo      : No LoadTimeWeaver setup: ignoring JPA class transformer
2025-01-19T14:54:03.087+01:00  INFO 4360 --- [SpringServer] [    Test worker] com.zaxxer.hikari.HikariDataSource       : HikariPool-1 - Starting...
2025-01-19T14:54:03.448+01:00  INFO 4360 --- [SpringServer] [    Test worker] com.zaxxer.hikari.pool.HikariPool        : HikariPool-1 - Added connection com.mysql.cj.jdbc.ConnectionImpl@29519337
2025-01-19T14:54:03.448+01:00  INFO 4360 --- [SpringServer] [    Test worker] com.zaxxer.hikari.HikariDataSource       : HikariPool-1 - Start completed.
2025-01-19T14:54:03.494+01:00  WARN 4360 --- [SpringServer] [    Test worker] org.hibernate.orm.deprecation            : HHH90000025: MySQL8Dialect does not need to be specified explicitly using 'hibernate.dialect' (remove the property setting and it will be selected by default)
2025-01-19T14:54:03.494+01:00  WARN 4360 --- [SpringServer] [    Test worker] org.hibernate.orm.deprecation            : HHH90000026: MySQL8Dialect has been deprecated; use org.hibernate.dialect.MySQLDialect instead
2025-01-19T14:54:03.523+01:00  INFO 4360 --- [SpringServer] [    Test worker] org.hibernate.orm.connections.pooling    : HHH10001005: Database info:
	Database JDBC URL [Connecting through datasource 'HikariDataSource (HikariPool-1)']
	Database driver: undefined/unknown
	Database version: 8.0
	Autocommit mode: undefined/unknown
	Isolation level: undefined/unknown
	Minimum pool size: undefined/unknown
	Maximum pool size: undefined/unknown
2025-01-19T14:54:04.313+01:00  INFO 4360 --- [SpringServer] [    Test worker] o.h.e.t.j.p.i.JtaPlatformInitiator       : HHH000489: No JTA platform available (set 'hibernate.transaction.jta.platform' to enable JTA platform integration)
2025-01-19T14:54:04.361+01:00  INFO 4360 --- [SpringServer] [    Test worker] j.LocalContainerEntityManagerFactoryBean : Initialized JPA EntityManagerFactory for persistence unit 'default'
2025-01-19T14:54:04.737+01:00  WARN 4360 --- [SpringServer] [    Test worker] JpaBaseConfiguration$JpaWebConfiguration : spring.jpa.open-in-view is enabled by default. Therefore, database queries may be performed during view rendering. Explicitly configure spring.jpa.open-in-view to disable this warning
2025-01-19T14:54:05.098+01:00  INFO 4360 --- [SpringServer] [    Test worker] c.m.s.SpringServerApplicationTests       : Started SpringServerApplicationTests in 3.907 seconds (process running for 5.106)
]]></system-out>
  <system-err><![CDATA[Mockito is currently self-attaching to enable the inline-mock-maker. This will no longer work in future releases of the JDK. Please add Mockito as an agent to your build what is described in Mockito's documentation: https://javadoc.io/doc/org.mockito/mockito-core/latest/org/mockito/Mockito.html#0.3
WARNING: A Java agent has been loaded dynamically (C:\Users\urosn\.gradle\caches\modules-2\files-2.1\net.bytebuddy\byte-buddy-agent\1.15.11\a38b16385e867f59a641330f0362ebe742788ed8\byte-buddy-agent-1.15.11.jar)
WARNING: If a serviceability tool is in use, please run with -XX:+EnableDynamicAgentLoading to hide this warning
WARNING: If a serviceability tool is not in use, please run with -Djdk.instrument.traceUsage for more information
WARNING: Dynamic loading of agents will be disallowed by default in a future release
]]></system-err>
</testsuite>
